<?xml version="1.0" encoding="UTF-8"?>
<!-- Generated by org.testng.reporters.JUnitReportReporter -->
<testsuite hostname="DESKTOP-MS30HO8" failures="0" tests="1" name="pkg.day" time="0.006" errors="0" timestamp="2024-10-22T14:35:15 IST" skipped="0">
  <testcase classname="pkg.day" name="masterd" time="0.006"/>
  <system-out/>
</testsuite> <!-- pkg.day -->
