<?xml version="1.0" encoding="UTF-8"?>
<!-- Generated by org.testng.reporters.JUnitReportReporter -->
<testsuite hostname="DESKTOP-MS30HO8" failures="0" tests="1" name="pkg.Tstr" time="0.001" errors="0" timestamp="2024-10-22T14:35:15 IST" skipped="0">
  <testcase classname="pkg.Tstr" name="getdata" time="0.001"/>
  <system-out/>
</testsuite> <!-- pkg.Tstr -->
