<?xml version="1.0" encoding="UTF-8"?>
<!-- Generated by org.testng.reporters.JUnitReportReporter -->
<testsuite hostname="DESKTOP-MS30HO8" failures="0" tests="3" name="pkg.day1" time="0.013" errors="0" timestamp="2024-10-22T15:49:38 IST" skipped="0">
  <testcase classname="pkg.day1" name="bikeloan2" time="0.001"/>
  <system-out/>
  <testcase classname="pkg.day1" name="bikeloan" time="0.010"/>
  <system-out/>
  <testcase classname="pkg.day1" name="bikeloane" time="0.002"/>
  <system-out/>
</testsuite> <!-- pkg.day1 -->
