<?xml version="1.0" encoding="UTF-8"?>
<!-- Generated by org.testng.reporters.JUnitReportReporter -->
<testsuite hostname="DESKTOP-MS30HO8" failures="0" tests="3" name="pkg.Datprovider" time="0.017" errors="0" timestamp="2024-10-22T15:08:59 IST" skipped="0">
  <testcase classname="pkg.Datprovider" name="user" time="0.014"/>
  <system-out/>
  <testcase classname="pkg.Datprovider" name="user" time="0.001"/>
  <system-out/>
  <testcase classname="pkg.Datprovider" name="user" time="0.002"/>
  <system-out/>
</testsuite> <!-- pkg.Datprovider -->
